{"C:\\Users\\igxwh\\Documents\\Aulas HTML5\\Desafoi DB\\src\\caixa-da-lanchonete.js": {"path":"C:\\Users\\igxwh\\Documents\\Aulas HTML5\\Desafoi DB\\src\\caixa-da-lanchonete.js","all":false,"statementMap":{"0":{"start":{"line":1,"column":0},"end":{"line":1,"column":14}},"1":{"start":{"line":2,"column":0},"end":{"line":2,"column":3}},"2":{"start":{"line":3,"column":0},"end":{"line":3,"column":19}},"3":{"start":{"line":4,"column":0},"end":{"line":4,"column":22}},"4":{"start":{"line":5,"column":0},"end":{"line":5,"column":15}},"5":{"start":{"line":6,"column":0},"end":{"line":6,"column":20}},"6":{"start":{"line":7,"column":0},"end":{"line":7,"column":4}},"7":{"start":{"line":8,"column":0},"end":{"line":8,"column":3}},"8":{"start":{"line":9,"column":0},"end":{"line":9,"column":23}},"9":{"start":{"line":10,"column":0},"end":{"line":10,"column":41}},"10":{"start":{"line":11,"column":0},"end":{"line":11,"column":15}},"11":{"start":{"line":12,"column":0},"end":{"line":12,"column":21}},"12":{"start":{"line":13,"column":0},"end":{"line":13,"column":4}},"13":{"start":{"line":14,"column":0},"end":{"line":14,"column":3}},"14":{"start":{"line":15,"column":0},"end":{"line":15,"column":19}},"15":{"start":{"line":16,"column":0},"end":{"line":16,"column":30}},"16":{"start":{"line":17,"column":0},"end":{"line":17,"column":15}},"17":{"start":{"line":18,"column":0},"end":{"line":18,"column":20}},"18":{"start":{"line":19,"column":0},"end":{"line":19,"column":4}},"19":{"start":{"line":20,"column":0},"end":{"line":20,"column":3}},"20":{"start":{"line":21,"column":0},"end":{"line":21,"column":24}},"21":{"start":{"line":22,"column":0},"end":{"line":22,"column":27}},"22":{"start":{"line":23,"column":0},"end":{"line":23,"column":15}},"23":{"start":{"line":24,"column":0},"end":{"line":24,"column":20}},"24":{"start":{"line":25,"column":0},"end":{"line":25,"column":4}},"25":{"start":{"line":26,"column":0},"end":{"line":26,"column":3}},"26":{"start":{"line":27,"column":0},"end":{"line":27,"column":21}},"27":{"start":{"line":28,"column":0},"end":{"line":28,"column":46}},"28":{"start":{"line":29,"column":0},"end":{"line":29,"column":15}},"29":{"start":{"line":30,"column":0},"end":{"line":30,"column":21}},"30":{"start":{"line":31,"column":0},"end":{"line":31,"column":4}},"31":{"start":{"line":32,"column":0},"end":{"line":32,"column":3}},"32":{"start":{"line":33,"column":0},"end":{"line":33,"column":22}},"33":{"start":{"line":34,"column":0},"end":{"line":34,"column":25}},"34":{"start":{"line":35,"column":0},"end":{"line":35,"column":16}},"35":{"start":{"line":36,"column":0},"end":{"line":36,"column":20}},"36":{"start":{"line":37,"column":0},"end":{"line":37,"column":4}},"37":{"start":{"line":38,"column":0},"end":{"line":38,"column":3}},"38":{"start":{"line":39,"column":0},"end":{"line":39,"column":21}},"39":{"start":{"line":40,"column":0},"end":{"line":40,"column":38}},"40":{"start":{"line":41,"column":0},"end":{"line":41,"column":15}},"41":{"start":{"line":42,"column":0},"end":{"line":42,"column":21}},"42":{"start":{"line":43,"column":0},"end":{"line":43,"column":4}},"43":{"start":{"line":44,"column":0},"end":{"line":44,"column":3}},"44":{"start":{"line":45,"column":0},"end":{"line":45,"column":21}},"45":{"start":{"line":46,"column":0},"end":{"line":46,"column":38}},"46":{"start":{"line":47,"column":0},"end":{"line":47,"column":15}},"47":{"start":{"line":48,"column":0},"end":{"line":48,"column":21}},"48":{"start":{"line":49,"column":0},"end":{"line":49,"column":4}},"49":{"start":{"line":50,"column":0},"end":{"line":50,"column":2}},"50":{"start":{"line":51,"column":0},"end":{"line":51,"column":51}},"51":{"start":{"line":52,"column":0},"end":{"line":52,"column":0}},"52":{"start":{"line":53,"column":0},"end":{"line":53,"column":25}},"53":{"start":{"line":54,"column":0},"end":{"line":54,"column":19}},"54":{"start":{"line":55,"column":0},"end":{"line":55,"column":45}},"55":{"start":{"line":56,"column":0},"end":{"line":56,"column":3}},"56":{"start":{"line":57,"column":0},"end":{"line":57,"column":51}},"57":{"start":{"line":58,"column":0},"end":{"line":58,"column":22}},"58":{"start":{"line":59,"column":0},"end":{"line":59,"column":29}},"59":{"start":{"line":60,"column":0},"end":{"line":60,"column":26}},"60":{"start":{"line":61,"column":0},"end":{"line":61,"column":25}},"61":{"start":{"line":62,"column":0},"end":{"line":62,"column":38}},"62":{"start":{"line":63,"column":0},"end":{"line":63,"column":54}},"63":{"start":{"line":64,"column":0},"end":{"line":64,"column":37}},"64":{"start":{"line":65,"column":0},"end":{"line":65,"column":46}},"65":{"start":{"line":66,"column":0},"end":{"line":66,"column":7}},"66":{"start":{"line":67,"column":0},"end":{"line":67,"column":24}},"67":{"start":{"line":68,"column":0},"end":{"line":68,"column":40}},"68":{"start":{"line":69,"column":0},"end":{"line":69,"column":7}},"69":{"start":{"line":70,"column":0},"end":{"line":70,"column":48}},"70":{"start":{"line":71,"column":0},"end":{"line":71,"column":28}},"71":{"start":{"line":72,"column":0},"end":{"line":72,"column":7}},"72":{"start":{"line":73,"column":0},"end":{"line":73,"column":46}},"73":{"start":{"line":74,"column":0},"end":{"line":74,"column":23}},"74":{"start":{"line":75,"column":0},"end":{"line":75,"column":70}},"75":{"start":{"line":76,"column":0},"end":{"line":76,"column":7}},"76":{"start":{"line":77,"column":0},"end":{"line":77,"column":7}},"77":{"start":{"line":78,"column":0},"end":{"line":78,"column":23}},"78":{"start":{"line":79,"column":0},"end":{"line":79,"column":26}},"79":{"start":{"line":80,"column":0},"end":{"line":80,"column":5}},"80":{"start":{"line":81,"column":0},"end":{"line":81,"column":29}},"81":{"start":{"line":82,"column":0},"end":{"line":82,"column":51}},"82":{"start":{"line":83,"column":0},"end":{"line":83,"column":5}},"83":{"start":{"line":84,"column":0},"end":{"line":84,"column":24}},"84":{"start":{"line":85,"column":0},"end":{"line":85,"column":62}},"85":{"start":{"line":86,"column":0},"end":{"line":86,"column":5}},"86":{"start":{"line":87,"column":0},"end":{"line":87,"column":69}},"87":{"start":{"line":88,"column":0},"end":{"line":88,"column":44}},"88":{"start":{"line":89,"column":0},"end":{"line":89,"column":5}},"89":{"start":{"line":90,"column":0},"end":{"line":90,"column":43}},"90":{"start":{"line":91,"column":0},"end":{"line":91,"column":45}},"91":{"start":{"line":92,"column":0},"end":{"line":92,"column":39}},"92":{"start":{"line":93,"column":0},"end":{"line":93,"column":5}},"93":{"start":{"line":94,"column":0},"end":{"line":94,"column":42}},"94":{"start":{"line":95,"column":0},"end":{"line":95,"column":46}},"95":{"start":{"line":96,"column":0},"end":{"line":96,"column":40}},"96":{"start":{"line":97,"column":0},"end":{"line":97,"column":5}},"97":{"start":{"line":98,"column":0},"end":{"line":98,"column":105}},"98":{"start":{"line":99,"column":0},"end":{"line":99,"column":3}},"99":{"start":{"line":100,"column":0},"end":{"line":100,"column":1}},"100":{"start":{"line":101,"column":0},"end":{"line":101,"column":0}},"101":{"start":{"line":102,"column":0},"end":{"line":102,"column":29}},"102":{"start":{"line":103,"column":0},"end":{"line":103,"column":25}},"103":{"start":{"line":104,"column":0},"end":{"line":104,"column":53}}},"s":{"0":1,"1":1,"2":1,"3":1,"4":1,"5":1,"6":1,"7":1,"8":1,"9":1,"10":1,"11":1,"12":1,"13":1,"14":1,"15":1,"16":1,"17":1,"18":1,"19":1,"20":1,"21":1,"22":1,"23":1,"24":1,"25":1,"26":1,"27":1,"28":1,"29":1,"30":1,"31":1,"32":1,"33":1,"34":1,"35":1,"36":1,"37":1,"38":1,"39":1,"40":1,"41":1,"42":1,"43":1,"44":1,"45":1,"46":1,"47":1,"48":1,"49":1,"50":1,"51":1,"52":1,"53":1,"54":28,"55":28,"56":1,"57":19,"58":19,"59":19,"60":19,"61":28,"62":28,"63":28,"64":1,"65":1,"66":28,"67":2,"68":2,"69":28,"70":17,"71":17,"72":28,"73":28,"74":26,"75":26,"76":19,"77":19,"78":3,"79":3,"80":19,"81":3,"82":3,"83":19,"84":2,"85":2,"86":19,"87":1,"88":1,"89":19,"90":2,"91":2,"92":2,"93":19,"94":4,"95":4,"96":4,"97":10,"98":10,"99":1,"100":1,"101":1,"102":1,"103":1},"branchMap":{"0":{"type":"branch","line":54,"loc":{"start":{"line":54,"column":2},"end":{"line":56,"column":3}},"locations":[{"start":{"line":54,"column":2},"end":{"line":56,"column":3}}]},"1":{"type":"branch","line":55,"loc":{"start":{"line":55,"column":22},"end":{"line":55,"column":43}},"locations":[{"start":{"line":55,"column":22},"end":{"line":55,"column":43}}]},"2":{"type":"branch","line":57,"loc":{"start":{"line":57,"column":2},"end":{"line":99,"column":3}},"locations":[{"start":{"line":57,"column":2},"end":{"line":99,"column":3}}]},"3":{"type":"branch","line":78,"loc":{"start":{"line":78,"column":22},"end":{"line":80,"column":5}},"locations":[{"start":{"line":78,"column":22},"end":{"line":80,"column":5}}]},"4":{"type":"branch","line":80,"loc":{"start":{"line":80,"column":4},"end":{"line":81,"column":28}},"locations":[{"start":{"line":80,"column":4},"end":{"line":81,"column":28}}]},"5":{"type":"branch","line":81,"loc":{"start":{"line":81,"column":28},"end":{"line":83,"column":5}},"locations":[{"start":{"line":81,"column":28},"end":{"line":83,"column":5}}]},"6":{"type":"branch","line":83,"loc":{"start":{"line":83,"column":4},"end":{"line":84,"column":23}},"locations":[{"start":{"line":83,"column":4},"end":{"line":84,"column":23}}]},"7":{"type":"branch","line":84,"loc":{"start":{"line":84,"column":23},"end":{"line":86,"column":5}},"locations":[{"start":{"line":84,"column":23},"end":{"line":86,"column":5}}]},"8":{"type":"branch","line":86,"loc":{"start":{"line":86,"column":4},"end":{"line":87,"column":68}},"locations":[{"start":{"line":86,"column":4},"end":{"line":87,"column":68}}]},"9":{"type":"branch","line":87,"loc":{"start":{"line":87,"column":68},"end":{"line":89,"column":5}},"locations":[{"start":{"line":87,"column":68},"end":{"line":89,"column":5}}]},"10":{"type":"branch","line":89,"loc":{"start":{"line":89,"column":4},"end":{"line":90,"column":42}},"locations":[{"start":{"line":89,"column":4},"end":{"line":90,"column":42}}]},"11":{"type":"branch","line":90,"loc":{"start":{"line":90,"column":42},"end":{"line":93,"column":5}},"locations":[{"start":{"line":90,"column":42},"end":{"line":93,"column":5}}]},"12":{"type":"branch","line":93,"loc":{"start":{"line":93,"column":4},"end":{"line":94,"column":41}},"locations":[{"start":{"line":93,"column":4},"end":{"line":94,"column":41}}]},"13":{"type":"branch","line":94,"loc":{"start":{"line":94,"column":41},"end":{"line":97,"column":5}},"locations":[{"start":{"line":94,"column":41},"end":{"line":97,"column":5}}]},"14":{"type":"branch","line":97,"loc":{"start":{"line":97,"column":4},"end":{"line":99,"column":3}},"locations":[{"start":{"line":97,"column":4},"end":{"line":99,"column":3}}]},"15":{"type":"branch","line":61,"loc":{"start":{"line":61,"column":15},"end":{"line":77,"column":5}},"locations":[{"start":{"line":61,"column":15},"end":{"line":77,"column":5}}]},"16":{"type":"branch","line":64,"loc":{"start":{"line":64,"column":36},"end":{"line":66,"column":7}},"locations":[{"start":{"line":64,"column":36},"end":{"line":66,"column":7}}]},"17":{"type":"branch","line":67,"loc":{"start":{"line":67,"column":23},"end":{"line":69,"column":7}},"locations":[{"start":{"line":67,"column":23},"end":{"line":69,"column":7}}]},"18":{"type":"branch","line":70,"loc":{"start":{"line":70,"column":20},"end":{"line":70,"column":45}},"locations":[{"start":{"line":70,"column":20},"end":{"line":70,"column":45}}]},"19":{"type":"branch","line":70,"loc":{"start":{"line":70,"column":47},"end":{"line":72,"column":7}},"locations":[{"start":{"line":70,"column":47},"end":{"line":72,"column":7}}]},"20":{"type":"branch","line":74,"loc":{"start":{"line":74,"column":22},"end":{"line":76,"column":7}},"locations":[{"start":{"line":74,"column":22},"end":{"line":76,"column":7}}]},"21":{"type":"branch","line":87,"loc":{"start":{"line":87,"column":24},"end":{"line":87,"column":65}},"locations":[{"start":{"line":87,"column":24},"end":{"line":87,"column":65}}]}},"b":{"0":[28],"1":[90],"2":[19],"3":[3],"4":[16],"5":[3],"6":[13],"7":[2],"8":[11],"9":[1],"10":[10],"11":[2],"12":[10],"13":[4],"14":[10],"15":[28],"16":[1],"17":[2],"18":[26],"19":[17],"20":[26],"21":[25]},"fnMap":{"0":{"name":"getItemById","decl":{"start":{"line":54,"column":2},"end":{"line":56,"column":3}},"loc":{"start":{"line":54,"column":2},"end":{"line":56,"column":3}},"line":54},"1":{"name":"calcularValorDaCompra","decl":{"start":{"line":57,"column":2},"end":{"line":99,"column":3}},"loc":{"start":{"line":57,"column":2},"end":{"line":99,"column":3}},"line":57}},"f":{"0":28,"1":19}}
}
