TN:
SF:src\caixa-da-lanchonete.js
FN:54,getItemById
FN:57,calcularValorDaCompra
FNF:2
FNH:2
FNDA:28,getItemById
FNDA:19,calcularValorDaCompra
DA:1,1
DA:2,1
DA:3,1
DA:4,1
DA:5,1
DA:6,1
DA:7,1
DA:8,1
DA:9,1
DA:10,1
DA:11,1
DA:12,1
DA:13,1
DA:14,1
DA:15,1
DA:16,1
DA:17,1
DA:18,1
DA:19,1
DA:20,1
DA:21,1
DA:22,1
DA:23,1
DA:24,1
DA:25,1
DA:26,1
DA:27,1
DA:28,1
DA:29,1
DA:30,1
DA:31,1
DA:32,1
DA:33,1
DA:34,1
DA:35,1
DA:36,1
DA:37,1
DA:38,1
DA:39,1
DA:40,1
DA:41,1
DA:42,1
DA:43,1
DA:44,1
DA:45,1
DA:46,1
DA:47,1
DA:48,1
DA:49,1
DA:50,1
DA:51,1
DA:52,1
DA:53,1
DA:54,1
DA:55,28
DA:56,28
DA:57,1
DA:58,19
DA:59,19
DA:60,19
DA:61,19
DA:62,28
DA:63,28
DA:64,28
DA:65,1
DA:66,1
DA:67,28
DA:68,2
DA:69,2
DA:70,28
DA:71,17
DA:72,17
DA:73,28
DA:74,28
DA:75,26
DA:76,26
DA:77,19
DA:78,19
DA:79,3
DA:80,3
DA:81,19
DA:82,3
DA:83,3
DA:84,19
DA:85,2
DA:86,2
DA:87,19
DA:88,1
DA:89,1
DA:90,19
DA:91,2
DA:92,2
DA:93,2
DA:94,19
DA:95,4
DA:96,4
DA:97,4
DA:98,10
DA:99,10
DA:100,1
DA:101,1
DA:102,1
DA:103,1
DA:104,1
LF:104
LH:104
BRDA:54,0,0,28
BRDA:55,1,0,90
BRDA:57,2,0,19
BRDA:78,3,0,3
BRDA:80,4,0,16
BRDA:81,5,0,3
BRDA:83,6,0,13
BRDA:84,7,0,2
BRDA:86,8,0,11
BRDA:87,9,0,1
BRDA:89,10,0,10
BRDA:90,11,0,2
BRDA:93,12,0,10
BRDA:94,13,0,4
BRDA:97,14,0,10
BRDA:61,15,0,28
BRDA:64,16,0,1
BRDA:67,17,0,2
BRDA:70,18,0,26
BRDA:70,19,0,17
BRDA:74,20,0,26
BRDA:87,21,0,25
BRF:22
BRH:22
end_of_record
